How many nodes do you want in binary search tree ? 1000

binSTree:
    no of nodes    =  644
    no of leaves   =  216
    height of tree =   24
    width of tree  =   78

Ratio of successful searches for 'binSTree' is 100.00 %
Average search length for 'binSTree' is 10.97

The elements of 'binSTree' in inOrder:

      0   1   3   5   6   9  10  11  12  13  14  15  16  17  18  19 
     20  22  24  28  29  30  31  32  35  38  40  41  42  43  44  45 
     46  47  48  49  50  51  52  53  54  56  58  60  61  62  64  65 
     67  68  71  72  75  77  79  81  84  85  86  87  88  89  92  93 
     96  97  98  99 101 102 104 105 106 109 110 112 113 115 116 117 
    120 121 122 123 126 129 131 134 137 139 141 142 143 144 145 146 
    148 149 152 154 156 157 158 159 160 161 162 163 164 165 166 167 
    168 169 171 174 176 177 181 182 183 184 186 187 188 189 190 191 
    192 193 195 197 199 200 201 202 203 204 205 206 209 210 211 212 
    213 214 215 216 222 224 225 227 228 229 231 233 235 236 237 241 
    242 243 244 246 247 248 249 252 253 254 255 256 259 261 262 264 
    265 267 270 273 276 278 279 281 282 285 286 287 288 289 292 293 
    294 295 297 299 300 301 303 305 306 307 310 311 312 313 316 317 
    318 320 322 323 324 325 327 331 332 334 335 336 337 338 339 341 
    342 343 344 346 347 349 352 353 354 356 357 359 363 364 365 366 
    367 368 369 370 373 375 376 377 379 380 382 384 385 387 388 389 
    390 391 392 393 394 395 400 401 402 403 406 407 408 410 411 412 
    413 414 417 418 419 420 421 422 424 426 429 432 434 440 441 444 
    445 446 448 449 451 452 455 457 458 460 461 462 464 465 468 469 
    471 472 473 474 475 476 479 481 482 483 484 485 488 489 490 495 
    496 497 498 499 500 502 505 509 510 511 512 514 515 516 517 519 
    520 521 522 524 526 528 529 531 532 536 539 540 541 542 543 544 
    546 549 551 552 553 555 557 559 560 561 562 563 564 566 567 571 
    572 574 575 576 577 578 579 582 583 584 585 586 588 589 591 593 
    594 597 598 599 601 602 604 606 607 608 609 610 611 612 613 614 
    615 618 619 621 622 624 626 627 628 629 633 634 635 637 638 639 
    640 641 642 644 645 647 649 650 653 655 660 662 663 665 666 667 
    668 669 670 673 674 675 676 677 680 681 682 683 684 685 687 688 
    691 693 695 696 697 699 700 701 702 703 704 706 707 708 710 711 
    713 714 716 717 719 723 724 725 726 729 730 731 732 735 736 737 
    738 740 744 745 746 748 749 750 751 752 753 754 755 757 758 759 
    760 762 764 766 767 768 770 771 772 773 774 775 778 779 781 783 
    784 785 786 788 789 790 791 792 793 794 795 798 799 802 803 804 
    805 806 807 808 810 811 815 817 820 822 825 826 828 829 833 834 
    838 839 840 842 844 845 846 847 848 849 850 851 853 859 861 863 
    864 865 866 868 870 871 873 874 875 877 878 879 880 882 883 885 
    887 890 891 892 894 895 897 898 899 901 902 903 905 907 908 910 
    911 912 913 914 915 917 918 920 922 926 928 929 931 934 935 937 
    939 941 943 945 946 947 949 951 952 956 958 959 960 961 962 964 
    965 966 967 970 973 975 976 978 979 980 983 984 985 988 989 990 
    994 996 997 999 
    

binSTree:
    no of nodes    =  105
    no of leaves   =   40
    height of tree =   13
    width of tree  =   16

Ratio of successful searches for 'binSTree' is 17.50 %
Average search length for 'binSTree' is 8.06

The elements of 'binSTree' in inOrder:

      3   5  11  13  17  19  29  31  41  43  47  53  61  67  71  79 
     89  97 101 109 113 131 137 139 149 157 163 167 181 191 193 197 
    199 211 227 229 233 241 281 293 307 311 313 317 331 337 347 349 
    353 359 367 373 379 389 401 419 421 449 457 461 479 499 509 521 
    541 557 563 571 577 593 599 601 607 613 619 641 647 653 673 677 
    683 691 701 719 751 757 773 811 829 839 853 859 863 877 883 887 
    907 911 929 937 941 947 967 983 997 
    
